<?xml version="1.0" encoding="UTF-8"?>
<!-- Generated by org.testng.reporters.JUnitReportReporter -->
<testsuite hostname="vinod-PC" name="restAssured.RestAsssuredAutomationLearning.validateBODYCONTENT" tests="1" failures="0" timestamp="21 Oct 2019 16:37:06 GMT" time="8.310" errors="0">
  <testcase name="testBody" time="8.310" classname="restAssured.RestAsssuredAutomationLearning.validateBODYCONTENT"/>
</testsuite> <!-- restAssured.RestAsssuredAutomationLearning.validateBODYCONTENT -->
