<?xml version="1.0" encoding="UTF-8"?>
<!-- Generated by org.testng.reporters.JUnitReportReporter -->
<testsuite hostname="vinod-PC" name="restAssured.RestAsssuredAutomationLearning.ValidateUpdate" tests="1" failures="0" timestamp="31 Oct 2019 17:50:58 GMT" time="8.431" errors="0">
  <testcase name="validateUpdate" time="8.431" classname="restAssured.RestAsssuredAutomationLearning.ValidateUpdate"/>
</testsuite> <!-- restAssured.RestAsssuredAutomationLearning.ValidateUpdate -->
