<?xml version="1.0" encoding="UTF-8"?>
<!-- Generated by org.testng.reporters.JUnitReportReporter -->
<testsuite hostname="vinod-PC" name="restAssured.RestAsssuredAutomationLearning.validateBodyUsingPathParameter" tests="1" failures="0" timestamp="26 Oct 2019 15:10:01 GMT" time="4.097" errors="0">
  <testcase name="validateBodyUsingPathParameter" time="4.097" classname="restAssured.RestAsssuredAutomationLearning.validateBodyUsingPathParameter"/>
</testsuite> <!-- restAssured.RestAsssuredAutomationLearning.validateBodyUsingPathParameter -->
