<?xml version="1.0" encoding="UTF-8"?>
<!-- Generated by org.testng.reporters.JUnitReportReporter -->
<testsuite hostname="vinod-PC" name="restAssured.RestAsssuredAutomationLearning.ValidateUpdate" tests="1" failures="0" timestamp="26 Oct 2019 15:12:39 GMT" time="4.045" errors="0">
  <testcase name="validateUpdate" time="4.045" classname="restAssured.RestAsssuredAutomationLearning.ValidateUpdate"/>
</testsuite> <!-- restAssured.RestAsssuredAutomationLearning.ValidateUpdate -->
