<?xml version="1.0" encoding="UTF-8"?>
<!-- Generated by org.testng.reporters.JUnitReportReporter -->
<testsuite hostname="vinod-PC" name="restAssured.RestAsssuredAutomationLearning.UpdateEmployee" tests="1" failures="0" timestamp="26 Oct 2019 14:50:15 GMT" time="4.007" errors="0">
  <testcase name="validateBody" time="4.007" classname="restAssured.RestAsssuredAutomationLearning.UpdateEmployee"/>
</testsuite> <!-- restAssured.RestAsssuredAutomationLearning.UpdateEmployee -->
