<?xml version="1.0" encoding="UTF-8"?>
<!-- Generated by org.testng.reporters.JUnitReportReporter -->
<testsuite name="restAssured.RestAsssuredAutomationLearning.RestAssured" tests="1" time="5.289" ignored="0" failures="0" timestamp="21 Oct 2019 15:16:05 GMT" skipped="0" hostname="vinod-PC" errors="0">
  <testcase name="validateResponse" time="5.289" classname="restAssured.RestAsssuredAutomationLearning.RestAssured"/>
</testsuite> <!-- restAssured.RestAsssuredAutomationLearning.RestAssured -->
