<?xml version="1.0" encoding="UTF-8"?>
<!-- Generated by org.testng.reporters.JUnitReportReporter -->
<testsuite hostname="vinod-PC" name="restAssured.RestAsssuredAutomationLearning.validateGoogle" tests="1" failures="0" timestamp="21 Oct 2019 16:27:18 GMT" time="3.102" errors="0">
  <testcase name="GetWeatherDetails" time="3.102" classname="restAssured.RestAsssuredAutomationLearning.validateGoogle"/>
</testsuite> <!-- restAssured.RestAsssuredAutomationLearning.validateGoogle -->
