<?xml version="1.0" encoding="UTF-8"?>
<!-- Generated by org.testng.reporters.JUnitReportReporter -->
<testsuite hostname="vinod-PC" name="restAssured.RestAsssuredAutomationLearning.PutValidation" tests="1" failures="0" timestamp="31 Oct 2019 18:21:05 GMT" time="5.653" errors="0">
  <testcase name="putValidation" time="5.653" classname="restAssured.RestAsssuredAutomationLearning.PutValidation"/>
</testsuite> <!-- restAssured.RestAsssuredAutomationLearning.PutValidation -->
